<?xml version="1.0" encoding="UTF-8"?>
<testng-results ignored="0" total="1" passed="1" failed="0" skipped="0">
  <reporter-output>
  </reporter-output>
  <suite started-at="2022-11-29T19:43:06 JST" name="Suite" finished-at="2022-11-29T19:43:19 JST" duration-ms="12509">
    <groups>
      <group name="cucumber">
        <method signature="AbstractTestNGCucumberTests.runScenario(io.cucumber.testng.PickleWrapper,io.cucumber.testng.FeatureWrapper)[pri:0, instance:com.swiggy.testscripts.TestRunner@5ab956d7]" name="runScenario" class="io.cucumber.testng.AbstractTestNGCucumberTests"/>
      </group> <!-- cucumber -->
    </groups>
    <test started-at="2022-11-29T19:43:06 JST" name="Test" finished-at="2022-11-29T19:43:19 JST" duration-ms="12509">
      <class name="com.swiggy.testscripts.TestRunner">
        <test-method is-config="true" signature="setUpClass(org.testng.ITestContext)[pri:0, instance:com.swiggy.testscripts.TestRunner@5ab956d7]" started-at="2022-11-29T19:43:06 JST" name="setUpClass" finished-at="2022-11-29T19:43:07 JST" duration-ms="204" status="PASS">
          <params>
            <param index="0">
              <value>
                <![CDATA[org.testng.TestRunner@5114b7c7]]>
              </value>
            </param>
          </params>
          <reporter-output>
          </reporter-output>
        </test-method> <!-- setUpClass -->
        <test-method signature="runScenario(io.cucumber.testng.PickleWrapper,io.cucumber.testng.FeatureWrapper)[pri:0, instance:com.swiggy.testscripts.TestRunner@5ab956d7]" started-at="2022-11-29T19:43:07 JST" name="runScenario" description="Runs Cucumber Scenarios" data-provider="scenarios" finished-at="2022-11-29T19:43:19 JST" duration-ms="12267" status="PASS">
          <params>
            <param index="0">
              <value>
                <![CDATA["Place order From Swiggy"]]>
              </value>
            </param>
            <param index="1">
              <value>
                <![CDATA["a user should be able to place an order from Swiggy"]]>
              </value>
            </param>
          </params>
          <reporter-output>
          </reporter-output>
        </test-method> <!-- runScenario -->
        <test-method is-config="true" signature="tearDownClass()[pri:0, instance:com.swiggy.testscripts.TestRunner@5ab956d7]" started-at="2022-11-29T19:43:19 JST" name="tearDownClass" finished-at="2022-11-29T19:43:19 JST" duration-ms="8" status="PASS">
          <reporter-output>
          </reporter-output>
        </test-method> <!-- tearDownClass -->
      </class> <!-- com.swiggy.testscripts.TestRunner -->
    </test> <!-- Test -->
  </suite> <!-- Suite -->
</testng-results>
